Using pre-set license
Built from '2020.2/staging' branch; Version is '2020.2.6f1 (8a2143876886) revision 9052483'; Using compiler version '192528614'; Build Type 'Release'
OS: 'Windows 10 Home Single Language; OS build 18363.1379; Version 1909; 64bit' Language: 'ru' Physical Memory: 16229 MB
BatchMode: 1, IsHumanControllingUs: 0, StartBugReporterOnCrash: 0, Is64bit: 1, IsPro: 0

 COMMAND LINE ARGUMENTS:
C:\Program Files\Unity\Hub\Editor\2020.2.6f1\Editor\Unity.exe
-adb2
-batchMode
-noUpm
-name
AssetImportWorker0
-projectPath
D:/Geekbrains.ru/HomeWork/Unity/New Unity Project (1)
-logFile
Logs/AssetImportWorker0.log
-srvPort
50644
Successfully changed project path to: D:/Geekbrains.ru/HomeWork/Unity/New Unity Project (1)
D:/Geekbrains.ru/HomeWork/Unity/New Unity Project (1)
Using Asset Import Pipeline V2.
Refreshing native plugins compatible for Editor in 42.07 ms, found 0 plugins.
Preloading 0 native plugins for Editor in 0.00 ms.
Initialize engine version: 2020.2.6f1 (8a2143876886)
[Subsystems] Discovering subsystems at path C:/Program Files/Unity/Hub/Editor/2020.2.6f1/Editor/Data/Resources/UnitySubsystems
[Subsystems] Discovering subsystems at path D:/Geekbrains.ru/HomeWork/Unity/New Unity Project (1)/Assets
GfxDevice: creating device client; threaded=0
Direct3D:
    Version:  Direct3D 11.0 [level 11.1]
    Renderer: NVIDIA GeForce RTX 2060 (ID=0x1f11)
    Vendor:   
    VRAM:     5980 MB
    Driver:   27.21.14.6109
Initialize mono
Mono path[0] = 'C:/Program Files/Unity/Hub/Editor/2020.2.6f1/Editor/Data/Managed'
Mono path[1] = 'C:/Program Files/Unity/Hub/Editor/2020.2.6f1/Editor/Data/MonoBleedingEdge/lib/mono/unityjit'
Mono config path = 'C:/Program Files/Unity/Hub/Editor/2020.2.6f1/Editor/Data/MonoBleedingEdge/etc'
Using monoOptions --debugger-agent=transport=dt_socket,embedding=1,server=y,suspend=n,address=127.0.0.1:56180
Begin MonoManager ReloadAssembly
Registering precompiled unity dll's ...
Register platform support module: C:/Program Files/Unity/Hub/Editor/2020.2.6f1/Editor/Data/PlaybackEngines/WebGLSupport/UnityEditor.WebGL.Extensions.dll
Register platform support module: C:/Program Files/Unity/Hub/Editor/2020.2.6f1/Editor/Data/PlaybackEngines/WindowsStandaloneSupport/UnityEditor.WindowsStandalone.Extensions.dll
Registered in 0.002226 seconds.
Native extension for WindowsStandalone target not found
Native extension for WebGL target not found
Refreshing native plugins compatible for Editor in 43.12 ms, found 0 plugins.
Preloading 0 native plugins for Editor in 0.00 ms.
Invoked RoslynAnalysisRunner static constructor.
RoslynAnalysisRunner will not be running.
RoslynAnalysisRunner has terminated.
Mono: successfully reloaded assembly
- Completed reload, in  1.659 seconds
Platform modules already initialized, skipping
Registering precompiled user dll's ...
Registered in 0.002116 seconds.
Begin MonoManager ReloadAssembly
Native extension for WindowsStandalone target not found
Native extension for WebGL target not found
Refreshing native plugins compatible for Editor in 0.45 ms, found 0 plugins.
Preloading 0 native plugins for Editor in 0.00 ms.
Invoked RoslynAnalysisRunner static constructor.
RoslynAnalysisRunner will not be running.
RoslynAnalysisRunner has terminated.
Mono: successfully reloaded assembly
- Completed reload, in  0.818 seconds
Platform modules already initialized, skipping
========================================================================
Worker process is ready to serve import requests
Launched and connected shader compiler UnityShaderCompiler.exe after 0.04 seconds
Refreshing native plugins compatible for Editor in 0.45 ms, found 0 plugins.
Preloading 0 native plugins for Editor in 0.00 ms.
Unloading 1808 Unused Serialized files (Serialized files now loaded: 0)
System memory in use before: 155.0 MB.
System memory in use after: 155.1 MB.

Unloading 39 unused Assets to reduce memory usage. Loaded Objects now: 2239.
Total: 2.325300 ms (FindLiveObjects: 0.499000 ms CreateObjectMapping: 0.139200 ms MarkObjects: 1.549500 ms  DeleteObjects: 0.136700 ms)

========================================================================
Received Import Request.
  path: Assets/Scripts
  artifactKey: Guid(4b32d296f22ef544caf49758d8111991) Importer(815301076,1909f56bfc062723c751e8b465ee728b)
Start importing Assets/Scripts using Guid(4b32d296f22ef544caf49758d8111991) Importer(815301076,1909f56bfc062723c751e8b465ee728b)  -> (artifact id: '4de7dbad2b61cc94d2bf3bc3a8684970') in 0.010989 seconds
  Import took 0.015304 seconds .

========================================================================
Received Import Request.
  Time since last request: 4.912319 seconds.
  path: Assets/Scripts/Test.cs
  artifactKey: Guid(755da13e7fdd30c44bd4ab4873fb5bf9) Importer(815301076,1909f56bfc062723c751e8b465ee728b)
Start importing Assets/Scripts/Test.cs using Guid(755da13e7fdd30c44bd4ab4873fb5bf9) Importer(815301076,1909f56bfc062723c751e8b465ee728b)  -> (artifact id: '067628946963a2a15f0104f046423bae') in 0.023853 seconds
  Import took 0.026273 seconds .

========================================================================
Received Import Request.
  Time since last request: 0.073341 seconds.
  path: Assets/Scripts/Test.cs
  artifactKey: Guid(755da13e7fdd30c44bd4ab4873fb5bf9) Importer(815301076,1909f56bfc062723c751e8b465ee728b)
Start importing Assets/Scripts/Test.cs using Guid(755da13e7fdd30c44bd4ab4873fb5bf9) Importer(815301076,1909f56bfc062723c751e8b465ee728b)  -> (artifact id: '067628946963a2a15f0104f046423bae') in 0.001545 seconds
  Import took 0.004853 seconds .

========================================================================
Received Prepare
Registering precompiled user dll's ...
Registered in 0.001970 seconds.
Begin MonoManager ReloadAssembly
Native extension for WindowsStandalone target not found
Native extension for WebGL target not found
Refreshing native plugins compatible for Editor in 0.45 ms, found 0 plugins.
Preloading 0 native plugins for Editor in 0.00 ms.
Invoked RoslynAnalysisRunner static constructor.
RoslynAnalysisRunner will not be running.
RoslynAnalysisRunner has terminated.
Mono: successfully reloaded assembly
- Completed reload, in  0.760 seconds
Platform modules already initialized, skipping
Refreshing native plugins compatible for Editor in 0.75 ms, found 0 plugins.
Preloading 0 native plugins for Editor in 0.00 ms.
Unloading 1774 Unused Serialized files (Serialized files now loaded: 0)
System memory in use before: 152.7 MB.
System memory in use after: 152.8 MB.

Unloading 30 unused Assets to reduce memory usage. Loaded Objects now: 2243.
Total: 3.988100 ms (FindLiveObjects: 0.359100 ms CreateObjectMapping: 0.105300 ms MarkObjects: 3.331500 ms  DeleteObjects: 0.190200 ms)

========================================================================
Received Import Request.
  Time since last request: 1653.515584 seconds.
  path: Assets/Prefabs
  artifactKey: Guid(9b0f9186b9caf554f82133b3d58436ef) Importer(815301076,1909f56bfc062723c751e8b465ee728b)
Start importing Assets/Prefabs using Guid(9b0f9186b9caf554f82133b3d58436ef) Importer(815301076,1909f56bfc062723c751e8b465ee728b)  -> (artifact id: '2bbc33d20250bfe0a68ccf1bc2478cf7') in 0.011509 seconds
  Import took 0.036852 seconds .

========================================================================
Received Import Request.
  Time since last request: 30.678996 seconds.
  path: Assets/Prefabs/Sphere.prefab
  artifactKey: Guid(3ee0ce5ea2623a84b8734e127c8cad60) Importer(815301076,1909f56bfc062723c751e8b465ee728b)
Start importing Assets/Prefabs/Sphere.prefab using Guid(3ee0ce5ea2623a84b8734e127c8cad60) Importer(815301076,1909f56bfc062723c751e8b465ee728b)  -> (artifact id: '358f0c5ba574d35f8b1596b1d15da097') in 0.090273 seconds
  Import took 0.127013 seconds .

========================================================================
Received Import Request.
  Time since last request: 22.990157 seconds.
  path: Assets/Prefabs/TestSphere.prefab
  artifactKey: Guid(3ee0ce5ea2623a84b8734e127c8cad60) Importer(815301076,1909f56bfc062723c751e8b465ee728b)
Start importing Assets/Prefabs/TestSphere.prefab using Guid(3ee0ce5ea2623a84b8734e127c8cad60) Importer(815301076,1909f56bfc062723c751e8b465ee728b)  -> (artifact id: 'c00edd245f090606f0386845969e5a65') in 0.009739 seconds
  Import took 0.042705 seconds .

========================================================================
Received Import Request.
  Time since last request: 936.597283 seconds.
  path: Assets/Prefabs/TestSphere.prefab
  artifactKey: Guid(3ee0ce5ea2623a84b8734e127c8cad60) Importer(815301076,1909f56bfc062723c751e8b465ee728b)
Start importing Assets/Prefabs/TestSphere.prefab using Guid(3ee0ce5ea2623a84b8734e127c8cad60) Importer(815301076,1909f56bfc062723c751e8b465ee728b)  -> (artifact id: 'f9f96f7b7e20448580eb01a4ecd43126') in 0.017534 seconds
  Import took 0.040800 seconds .

========================================================================
Received Import Request.
  Time since last request: 40.650525 seconds.
  path: Assets/Prefabs/TestSphere.prefab
  artifactKey: Guid(3ee0ce5ea2623a84b8734e127c8cad60) Importer(815301076,1909f56bfc062723c751e8b465ee728b)
Start importing Assets/Prefabs/TestSphere.prefab using Guid(3ee0ce5ea2623a84b8734e127c8cad60) Importer(815301076,1909f56bfc062723c751e8b465ee728b)  -> (artifact id: '68d7e15bbbf0b5d20213baf9150243f4') in 0.006102 seconds
  Import took 0.050233 seconds .

========================================================================
Received Prepare
Registering precompiled user dll's ...
Registered in 0.001899 seconds.
Begin MonoManager ReloadAssembly
Native extension for WindowsStandalone target not found
Native extension for WebGL target not found
Refreshing native plugins compatible for Editor in 0.49 ms, found 0 plugins.
Preloading 0 native plugins for Editor in 0.00 ms.
Invoked RoslynAnalysisRunner static constructor.
RoslynAnalysisRunner will not be running.
RoslynAnalysisRunner has terminated.
Mono: successfully reloaded assembly
- Completed reload, in  0.780 seconds
Platform modules already initialized, skipping
Refreshing native plugins compatible for Editor in 0.49 ms, found 0 plugins.
Preloading 0 native plugins for Editor in 0.00 ms.
Unloading 1773 Unused Serialized files (Serialized files now loaded: 0)
System memory in use before: 155.8 MB.
System memory in use after: 155.9 MB.

Unloading 31 unused Assets to reduce memory usage. Loaded Objects now: 2253.
Total: 2.104100 ms (FindLiveObjects: 0.191100 ms CreateObjectMapping: 0.065700 ms MarkObjects: 1.765600 ms  DeleteObjects: 0.080400 ms)

========================================================================
Received Import Request.
  Time since last request: 1022.568450 seconds.
  path: Assets/Scripts/Test.cs
  artifactKey: Guid(755da13e7fdd30c44bd4ab4873fb5bf9) Importer(815301076,1909f56bfc062723c751e8b465ee728b)
Start importing Assets/Scripts/Test.cs using Guid(755da13e7fdd30c44bd4ab4873fb5bf9) Importer(815301076,1909f56bfc062723c751e8b465ee728b)  -> (artifact id: '86e146b4e0550d209fa36bb9959393a9') in 0.004045 seconds
  Import took 0.057215 seconds .

AssetImportWorkerClient::OnTransportError - code=2 error=End of file
