Using pre-set license
Built from '2020.2/staging' branch; Version is '2020.2.6f1 (8a2143876886) revision 9052483'; Using compiler version '192528614'; Build Type 'Release'
OS: 'Windows 10 Home Single Language; OS build 18363.1379; Version 1909; 64bit' Language: 'ru' Physical Memory: 16229 MB
BatchMode: 1, IsHumanControllingUs: 0, StartBugReporterOnCrash: 0, Is64bit: 1, IsPro: 0

 COMMAND LINE ARGUMENTS:
C:\Program Files\Unity\Hub\Editor\2020.2.6f1\Editor\Unity.exe
-adb2
-batchMode
-noUpm
-name
AssetImportWorker0
-projectPath
D:/Geekbrains.ru/HomeWork/Unity/Unity-GitHub/Work2/Work2
-logFile
Logs/AssetImportWorker0.log
-srvPort
57085
Successfully changed project path to: D:/Geekbrains.ru/HomeWork/Unity/Unity-GitHub/Work2/Work2
D:/Geekbrains.ru/HomeWork/Unity/Unity-GitHub/Work2/Work2
Using Asset Import Pipeline V2.
Refreshing native plugins compatible for Editor in 20.54 ms, found 0 plugins.
Preloading 0 native plugins for Editor in 0.00 ms.
Initialize engine version: 2020.2.6f1 (8a2143876886)
[Subsystems] Discovering subsystems at path C:/Program Files/Unity/Hub/Editor/2020.2.6f1/Editor/Data/Resources/UnitySubsystems
[Subsystems] Discovering subsystems at path D:/Geekbrains.ru/HomeWork/Unity/Unity-GitHub/Work2/Work2/Assets
GfxDevice: creating device client; threaded=0
Direct3D:
    Version:  Direct3D 11.0 [level 11.1]
    Renderer: NVIDIA GeForce RTX 2060 (ID=0x1f11)
    Vendor:   
    VRAM:     5980 MB
    Driver:   27.21.14.6109
Initialize mono
Mono path[0] = 'C:/Program Files/Unity/Hub/Editor/2020.2.6f1/Editor/Data/Managed'
Mono path[1] = 'C:/Program Files/Unity/Hub/Editor/2020.2.6f1/Editor/Data/MonoBleedingEdge/lib/mono/unityjit'
Mono config path = 'C:/Program Files/Unity/Hub/Editor/2020.2.6f1/Editor/Data/MonoBleedingEdge/etc'
Using monoOptions --debugger-agent=transport=dt_socket,embedding=1,server=y,suspend=n,address=127.0.0.1:56072
Begin MonoManager ReloadAssembly
Registering precompiled unity dll's ...
Register platform support module: C:/Program Files/Unity/Hub/Editor/2020.2.6f1/Editor/Data/PlaybackEngines/WebGLSupport/UnityEditor.WebGL.Extensions.dll
Register platform support module: C:/Program Files/Unity/Hub/Editor/2020.2.6f1/Editor/Data/PlaybackEngines/WindowsStandaloneSupport/UnityEditor.WindowsStandalone.Extensions.dll
Registered in 0.001872 seconds.
Native extension for WindowsStandalone target not found
Native extension for WebGL target not found
Refreshing native plugins compatible for Editor in 22.27 ms, found 0 plugins.
Preloading 0 native plugins for Editor in 0.00 ms.
Invoked RoslynAnalysisRunner static constructor.
RoslynAnalysisRunner will not be running.
RoslynAnalysisRunner has terminated.
Mono: successfully reloaded assembly
- Completed reload, in  1.575 seconds
Platform modules already initialized, skipping
Registering precompiled user dll's ...
Registered in 0.000374 seconds.
Begin MonoManager ReloadAssembly
Native extension for WindowsStandalone target not found
Native extension for WebGL target not found
Refreshing native plugins compatible for Editor in 0.19 ms, found 0 plugins.
Preloading 0 native plugins for Editor in 0.00 ms.
Invoked RoslynAnalysisRunner static constructor.
RoslynAnalysisRunner will not be running.
RoslynAnalysisRunner has terminated.
Mono: successfully reloaded assembly
- Completed reload, in  0.681 seconds
Platform modules already initialized, skipping
========================================================================
Worker process is ready to serve import requests
Launched and connected shader compiler UnityShaderCompiler.exe after 0.03 seconds
Refreshing native plugins compatible for Editor in 0.20 ms, found 0 plugins.
Preloading 0 native plugins for Editor in 0.00 ms.
Unloading 1107 Unused Serialized files (Serialized files now loaded: 0)
System memory in use before: 59.6 MB.
System memory in use after: 59.6 MB.

Unloading 10 unused Assets to reduce memory usage. Loaded Objects now: 1553.
Total: 1.972900 ms (FindLiveObjects: 0.181800 ms CreateObjectMapping: 0.055300 ms MarkObjects: 1.626900 ms  DeleteObjects: 0.107600 ms)

========================================================================
Received Import Request.
  path: Assets/Scenes/New Lighting Settings.lighting
  artifactKey: Guid(d566dbe690e5bc64ab1772b0cf5fdd90) Importer(815301076,1909f56bfc062723c751e8b465ee728b)
Start importing Assets/Scenes/New Lighting Settings.lighting using Guid(d566dbe690e5bc64ab1772b0cf5fdd90) Importer(815301076,1909f56bfc062723c751e8b465ee728b)  -> (artifact id: 'e8ae67dfb49c26ccc4e0f4cb5ba3e53e') in 0.028121 seconds
  Import took 0.029843 seconds .

========================================================================
Received Import Request.
  Time since last request: 373.369359 seconds.
  path: Assets/Scenes/New Lighting Settings.lighting
  artifactKey: Guid(d566dbe690e5bc64ab1772b0cf5fdd90) Importer(815301076,1909f56bfc062723c751e8b465ee728b)
Start importing Assets/Scenes/New Lighting Settings.lighting using Guid(d566dbe690e5bc64ab1772b0cf5fdd90) Importer(815301076,1909f56bfc062723c751e8b465ee728b) LightingSettings: switching bake backend from 1 to 2.
 -> (artifact id: 'ad79c136f8d4cbc5bfdb031ecb6c8756') in 0.001988 seconds
  Import took 0.003895 seconds .

========================================================================
Received Import Request.
  Time since last request: 4751.857623 seconds.
  path: Assets/MoveMotionPack/SampleScene/CharacterFBX/Teddy2/Materials/TeddyBear_color.mat
  artifactKey: Guid(f5294d661371a4446a8ef1d6690b5f5c) Importer(815301076,1909f56bfc062723c751e8b465ee728b)
Start importing Assets/MoveMotionPack/SampleScene/CharacterFBX/Teddy2/Materials/TeddyBear_color.mat using Guid(f5294d661371a4446a8ef1d6690b5f5c) Importer(815301076,1909f56bfc062723c751e8b465ee728b)  -> (artifact id: 'cebd506d07f75b027a6d37952ad10323') in 0.137225 seconds
  Import took 0.140378 seconds .

========================================================================
Received Import Request.
  Time since last request: 1.654784 seconds.
  path: Assets/MoveMotionPack/SampleScene/CharacterFBX/Teddy2/Model/TeddyBear.fbx
  artifactKey: Guid(8c20c380af461574f99424a22acd34c1) Importer(815301076,1909f56bfc062723c751e8b465ee728b)
Start importing Assets/MoveMotionPack/SampleScene/CharacterFBX/Teddy2/Model/TeddyBear.fbx using Guid(8c20c380af461574f99424a22acd34c1) Importer(815301076,1909f56bfc062723c751e8b465ee728b)  -> (artifact id: '26e3f3211e141ee76eb5748720624bac') in 0.109531 seconds
  Import took 0.111394 seconds .

========================================================================
Received Import Request.
  Time since last request: 1.147907 seconds.
  path: Assets/MoveMotionPack/SampleScene/CharacterFBX/Teddy2/Textures/TeddyBear_color.tga
  artifactKey: Guid(9d4ac7b2fd9e451438c727333c8146a7) Importer(815301076,1909f56bfc062723c751e8b465ee728b)
Start importing Assets/MoveMotionPack/SampleScene/CharacterFBX/Teddy2/Textures/TeddyBear_color.tga using Guid(9d4ac7b2fd9e451438c727333c8146a7) Importer(815301076,1909f56bfc062723c751e8b465ee728b)  -> (artifact id: '3d7d6898d249a3f832d094e23e53043f') in 0.018182 seconds
  Import took 0.020219 seconds .

========================================================================
Received Import Request.
  Time since last request: 0.000266 seconds.
  path: Assets/MoveMotionPack/SampleScene/CharacterFBX/Teddy2/Textures/TeddyBear_normal.tga
  artifactKey: Guid(0bfd3f86da2aaa94b9b4ab82801fa57b) Importer(815301076,1909f56bfc062723c751e8b465ee728b)
Start importing Assets/MoveMotionPack/SampleScene/CharacterFBX/Teddy2/Textures/TeddyBear_normal.tga using Guid(0bfd3f86da2aaa94b9b4ab82801fa57b) Importer(815301076,1909f56bfc062723c751e8b465ee728b)  -> (artifact id: 'c19038548d078056981835f91783aaee') in 0.026383 seconds
  Import took 0.027913 seconds .

========================================================================
Received Import Request.
  Time since last request: 117.974563 seconds.
  path: Assets/MoveMotionPack/Res/AnimationFBX/Free_Walk/Materials/04 - Default.mat
  artifactKey: Guid(1d298ea322db8b148aee53717551e9a1) Importer(815301076,1909f56bfc062723c751e8b465ee728b)
Start importing Assets/MoveMotionPack/Res/AnimationFBX/Free_Walk/Materials/04 - Default.mat using Guid(1d298ea322db8b148aee53717551e9a1) Importer(815301076,1909f56bfc062723c751e8b465ee728b)  -> (artifact id: '30f11d9730d4c5b8350335b1c8fcccda') in 0.014687 seconds
  Import took 0.016687 seconds .

========================================================================
Received Import Request.
  Time since last request: 0.000306 seconds.
  path: Assets/MoveMotionPack/Res/AnimationFBX/Free_Walk/Materials/No Name.mat
  artifactKey: Guid(411734dcc1b6233418d55e2b6ead4105) Importer(815301076,1909f56bfc062723c751e8b465ee728b)
Start importing Assets/MoveMotionPack/Res/AnimationFBX/Free_Walk/Materials/No Name.mat using Guid(411734dcc1b6233418d55e2b6ead4105) Importer(815301076,1909f56bfc062723c751e8b465ee728b)  -> (artifact id: '042af6088c2cf6d303b329357440e804') in 0.015286 seconds
  Import took 0.017096 seconds .

========================================================================
Received Import Request.
  Time since last request: 0.002421 seconds.
  path: Assets/MoveMotionPack/Res/AnimationFBX/Free_Walk/Materials/No Name.mat
  artifactKey: Guid(411734dcc1b6233418d55e2b6ead4105) Importer(815301076,1909f56bfc062723c751e8b465ee728b)
Start importing Assets/MoveMotionPack/Res/AnimationFBX/Free_Walk/Materials/No Name.mat using Guid(411734dcc1b6233418d55e2b6ead4105) Importer(815301076,1909f56bfc062723c751e8b465ee728b)  -> (artifact id: '042af6088c2cf6d303b329357440e804') in 0.017689 seconds
  Import took 0.019885 seconds .

========================================================================
Received Import Request.
  Time since last request: 1.618257 seconds.
  path: Assets/MoveMotionPack/Res/AnimationFBX/Root/Materials/04 - Default.mat
  artifactKey: Guid(0ac58d9d886810d42874c803036c5a9f) Importer(815301076,1909f56bfc062723c751e8b465ee728b)
Start importing Assets/MoveMotionPack/Res/AnimationFBX/Root/Materials/04 - Default.mat using Guid(0ac58d9d886810d42874c803036c5a9f) Importer(815301076,1909f56bfc062723c751e8b465ee728b)  -> (artifact id: '980d4f17ca9e2718d683a3ce9a8dc482') in 0.014339 seconds
  Import took 0.016288 seconds .

========================================================================
Received Import Request.
  Time since last request: 0.000298 seconds.
  path: Assets/MoveMotionPack/Res/AnimationFBX/Root/Materials/09 - Default.mat
  artifactKey: Guid(abc9647384c31234a8b2ee2a72f9c14b) Importer(815301076,1909f56bfc062723c751e8b465ee728b)
Start importing Assets/MoveMotionPack/Res/AnimationFBX/Root/Materials/09 - Default.mat using Guid(abc9647384c31234a8b2ee2a72f9c14b) Importer(815301076,1909f56bfc062723c751e8b465ee728b)  -> (artifact id: '20fe92f8afeabecfa64d43d44e207036') in 0.013076 seconds
  Import took 0.014643 seconds .

========================================================================
Received Import Request.
  Time since last request: 0.000298 seconds.
  path: Assets/MoveMotionPack/Res/AnimationFBX/Root/Materials/_곸껜.mat
  artifactKey: Guid(446dd02e76125ce47867dcde221e5f3a) Importer(815301076,1909f56bfc062723c751e8b465ee728b)
Start importing Assets/MoveMotionPack/Res/AnimationFBX/Root/Materials/_곸껜.mat using Guid(446dd02e76125ce47867dcde221e5f3a) Importer(815301076,1909f56bfc062723c751e8b465ee728b)  -> (artifact id: 'be2978397098c4b094f7becf64aa8b4d') in 0.009275 seconds
  Import took 0.010888 seconds .

========================================================================
Received Import Request.
  Time since last request: 0.164977 seconds.
  path: Assets/MoveMotionPack/Res/AnimationFBX/Root/Materials/_섏껜.mat
  artifactKey: Guid(10e74e47fc546264f82888093568f549) Importer(815301076,1909f56bfc062723c751e8b465ee728b)
Start importing Assets/MoveMotionPack/Res/AnimationFBX/Root/Materials/_섏껜.mat using Guid(10e74e47fc546264f82888093568f549) Importer(815301076,1909f56bfc062723c751e8b465ee728b)  -> (artifact id: 'f1053684d66abe225db3a69a31f18f97') in 0.010833 seconds
  Import took 0.012605 seconds .

========================================================================
Received Import Request.
  Time since last request: 0.000327 seconds.
  path: Assets/MoveMotionPack/Res/AnimationFBX/Root/Materials/하체.mat
  artifactKey: Guid(bbc7bc9efe0a3b64987221334c08ca49) Importer(815301076,1909f56bfc062723c751e8b465ee728b)
Start importing Assets/MoveMotionPack/Res/AnimationFBX/Root/Materials/하체.mat using Guid(bbc7bc9efe0a3b64987221334c08ca49) Importer(815301076,1909f56bfc062723c751e8b465ee728b)  -> (artifact id: '634bda627c81b92adaee0445afdc6b16') in 0.063743 seconds
  Import took 0.065409 seconds .

========================================================================
Received Import Request.
  Time since last request: 0.000269 seconds.
  path: Assets/MoveMotionPack/Res/AnimationFBX/Root/Materials/_섏껜.mat
  artifactKey: Guid(10e74e47fc546264f82888093568f549) Importer(815301076,1909f56bfc062723c751e8b465ee728b)
Start importing Assets/MoveMotionPack/Res/AnimationFBX/Root/Materials/_섏껜.mat using Guid(10e74e47fc546264f82888093568f549) Importer(815301076,1909f56bfc062723c751e8b465ee728b)  -> (artifact id: 'f1053684d66abe225db3a69a31f18f97') in 0.006256 seconds
  Import took 0.007870 seconds .

========================================================================
Received Import Request.
  Time since last request: 0.000249 seconds.
  path: Assets/MoveMotionPack/Res/AnimationFBX/Root/Materials/癒몃━.mat
  artifactKey: Guid(57509892134121f4980fd3634278a0fe) Importer(815301076,1909f56bfc062723c751e8b465ee728b)
Start importing Assets/MoveMotionPack/Res/AnimationFBX/Root/Materials/癒몃━.mat using Guid(57509892134121f4980fd3634278a0fe) Importer(815301076,1909f56bfc062723c751e8b465ee728b)  -> (artifact id: '66968650e80147a03585f49d1231dfd7') in 0.012807 seconds
  Import took 0.014805 seconds .

========================================================================
Received Import Request.
  Time since last request: 0.000269 seconds.
  path: Assets/MoveMotionPack/Res/AnimationFBX/Root/Materials/No Name.mat
  artifactKey: Guid(12ccadc9818a19f499c1c754acd91dbc) Importer(815301076,1909f56bfc062723c751e8b465ee728b)
Start importing Assets/MoveMotionPack/Res/AnimationFBX/Root/Materials/No Name.mat using Guid(12ccadc9818a19f499c1c754acd91dbc) Importer(815301076,1909f56bfc062723c751e8b465ee728b)  -> (artifact id: '9ff2c82c6612bc7bc90bf63c7e8166ab') in 0.012901 seconds
  Import took 0.014838 seconds .

========================================================================
Received Import Request.
  Time since last request: 0.000254 seconds.
  path: Assets/MoveMotionPack/Res/AnimationFBX/Root/Materials/상체.mat
  artifactKey: Guid(5769ca5315bd74d4492bcc63c7ecc600) Importer(815301076,1909f56bfc062723c751e8b465ee728b)
Start importing Assets/MoveMotionPack/Res/AnimationFBX/Root/Materials/상체.mat using Guid(5769ca5315bd74d4492bcc63c7ecc600) Importer(815301076,1909f56bfc062723c751e8b465ee728b)  -> (artifact id: 'ba3b69d069b23d2555879e251980a91a') in 0.012312 seconds
  Import took 0.013910 seconds .

========================================================================
Received Import Request.
  Time since last request: 0.000235 seconds.
  path: Assets/MoveMotionPack/Res/AnimationFBX/Root/Materials/癒몃━.mat
  artifactKey: Guid(57509892134121f4980fd3634278a0fe) Importer(815301076,1909f56bfc062723c751e8b465ee728b)
Start importing Assets/MoveMotionPack/Res/AnimationFBX/Root/Materials/癒몃━.mat using Guid(57509892134121f4980fd3634278a0fe) Importer(815301076,1909f56bfc062723c751e8b465ee728b)  -> (artifact id: '66968650e80147a03585f49d1231dfd7') in 0.006682 seconds
  Import took 0.008349 seconds .

========================================================================
Received Import Request.
  Time since last request: 0.000163 seconds.
  path: Assets/MoveMotionPack/Res/AnimationFBX/Root/Materials/머리.mat
  artifactKey: Guid(3f06ebbdd0dae3c4fab2c98a5483ae2d) Importer(815301076,1909f56bfc062723c751e8b465ee728b)
Start importing Assets/MoveMotionPack/Res/AnimationFBX/Root/Materials/머리.mat using Guid(3f06ebbdd0dae3c4fab2c98a5483ae2d) Importer(815301076,1909f56bfc062723c751e8b465ee728b)  -> (artifact id: 'e98900482883b4a8c73f3d1496982d6f') in 0.011775 seconds
  Import took 0.013789 seconds .

========================================================================
Received Import Request.
  Time since last request: 4.351761 seconds.
  path: Assets/MoveMotionPack/Res/AnimationClip/Free_Walk/Basic_Run_01.anim
  artifactKey: Guid(7049cdce010850a489afc974e51aaf67) Importer(815301076,1909f56bfc062723c751e8b465ee728b)
Start importing Assets/MoveMotionPack/Res/AnimationClip/Free_Walk/Basic_Run_01.anim using Guid(7049cdce010850a489afc974e51aaf67) Importer(815301076,1909f56bfc062723c751e8b465ee728b)  -> (artifact id: 'a50b18aa00f5656b0b45e352ce2cb064') in 0.029290 seconds
  Import took 0.031900 seconds .

========================================================================
Received Import Request.
  Time since last request: 14.382352 seconds.
  path: Assets/MoveMotionPack/Res/AnimationClip/Free_Walk/Basic_Run_02.anim
  artifactKey: Guid(fb83df05926f4a844b6727ff6cfbb121) Importer(815301076,1909f56bfc062723c751e8b465ee728b)
Start importing Assets/MoveMotionPack/Res/AnimationClip/Free_Walk/Basic_Run_02.anim using Guid(fb83df05926f4a844b6727ff6cfbb121) Importer(815301076,1909f56bfc062723c751e8b465ee728b)  -> (artifact id: '5a23b84c7dbaf2bd71aecae2a9ad06af') in 0.017844 seconds
  Import took 0.020135 seconds .

========================================================================
Received Import Request.
  Time since last request: 1.362923 seconds.
  path: Assets/MoveMotionPack/Res/AnimationClip/Free_Walk/Basic_Run_03.anim
  artifactKey: Guid(c5ab459bb60b3d74da77168ea36f5874) Importer(815301076,1909f56bfc062723c751e8b465ee728b)
Start importing Assets/MoveMotionPack/Res/AnimationClip/Free_Walk/Basic_Run_03.anim using Guid(c5ab459bb60b3d74da77168ea36f5874) Importer(815301076,1909f56bfc062723c751e8b465ee728b)  -> (artifact id: '6845bdcd01fb6392a402f1739706dfdb') in 0.024741 seconds
  Import took 0.026750 seconds .

========================================================================
Received Import Request.
  Time since last request: 1.108469 seconds.
  path: Assets/MoveMotionPack/Res/AnimationClip/Free_Walk/Basic_Walk_01.anim
  artifactKey: Guid(66f07a2c9062a174b86887d1622498bf) Importer(815301076,1909f56bfc062723c751e8b465ee728b)
Start importing Assets/MoveMotionPack/Res/AnimationClip/Free_Walk/Basic_Walk_01.anim using Guid(66f07a2c9062a174b86887d1622498bf) Importer(815301076,1909f56bfc062723c751e8b465ee728b)  -> (artifact id: '4d56128e73b7fe3da5f721b4b7df4e96') in 0.032129 seconds
  Import took 0.034150 seconds .

========================================================================
Received Import Request.
  Time since last request: 1.131814 seconds.
  path: Assets/MoveMotionPack/Res/AnimationClip/Free_Walk/Basic_Walk_02.anim
  artifactKey: Guid(4c706470274bf7c4e8b4a6a24de50f9a) Importer(815301076,1909f56bfc062723c751e8b465ee728b)
Start importing Assets/MoveMotionPack/Res/AnimationClip/Free_Walk/Basic_Walk_02.anim using Guid(4c706470274bf7c4e8b4a6a24de50f9a) Importer(815301076,1909f56bfc062723c751e8b465ee728b)  -> (artifact id: '7442539c11050e183354005dc8d91991') in 0.022278 seconds
  Import took 0.024193 seconds .

========================================================================
Received Import Request.
  Time since last request: 0.646190 seconds.
  path: Assets/MoveMotionPack/Res/AnimationClip/Free_Walk/Etc_Walk_Zombi_01.anim
  artifactKey: Guid(247f791d29c496446af74d34499f97b8) Importer(815301076,1909f56bfc062723c751e8b465ee728b)
Start importing Assets/MoveMotionPack/Res/AnimationClip/Free_Walk/Etc_Walk_Zombi_01.anim using Guid(247f791d29c496446af74d34499f97b8) Importer(815301076,1909f56bfc062723c751e8b465ee728b)  -> (artifact id: '15f8d1a769690e8dec80ce2dfd9721c2') in 0.036661 seconds
  Import took 0.038363 seconds .

========================================================================
Received Import Request.
  Time since last request: 4.366603 seconds.
  path: Assets/MoveMotionPack/Res/AnimationClip/Root motion/Basic_Run_01_Root.anim
  artifactKey: Guid(585b38059035ee94a9aada3ff56e16d1) Importer(815301076,1909f56bfc062723c751e8b465ee728b)
Start importing Assets/MoveMotionPack/Res/AnimationClip/Root motion/Basic_Run_01_Root.anim using Guid(585b38059035ee94a9aada3ff56e16d1) Importer(815301076,1909f56bfc062723c751e8b465ee728b)  -> (artifact id: '6fb42679a3b93121a7e1953e02983bea') in 0.013043 seconds
  Import took 0.015122 seconds .

========================================================================
Received Import Request.
  Time since last request: 0.003282 seconds.
  path: Assets/MoveMotionPack/Res/AnimationClip/Root motion/Basic_Run_01_Root.anim
  artifactKey: Guid(585b38059035ee94a9aada3ff56e16d1) Importer(815301076,1909f56bfc062723c751e8b465ee728b)
Start importing Assets/MoveMotionPack/Res/AnimationClip/Root motion/Basic_Run_01_Root.anim using Guid(585b38059035ee94a9aada3ff56e16d1) Importer(815301076,1909f56bfc062723c751e8b465ee728b)  -> (artifact id: '6fb42679a3b93121a7e1953e02983bea') in 0.009296 seconds
  Import took 0.011135 seconds .

========================================================================
Received Import Request.
  Time since last request: 2.852733 seconds.
  path: Assets/MoveMotionPack/Res/AnimationClip/Root motion/Basic_Run_02_Root.anim
  artifactKey: Guid(6304886c6759c1b498cf7d5aa54061ad) Importer(815301076,1909f56bfc062723c751e8b465ee728b)
Start importing Assets/MoveMotionPack/Res/AnimationClip/Root motion/Basic_Run_02_Root.anim using Guid(6304886c6759c1b498cf7d5aa54061ad) Importer(815301076,1909f56bfc062723c751e8b465ee728b)  -> (artifact id: 'd9353d21caa396a4438527ce79c36a19') in 0.013982 seconds
  Import took 0.015952 seconds .

========================================================================
Received Import Request.
  Time since last request: 0.730819 seconds.
  path: Assets/MoveMotionPack/Res/AnimationClip/Root motion/Basic_Run_03_Root.anim
  artifactKey: Guid(d4b1162dc3c68dc4c898605c25137bc3) Importer(815301076,1909f56bfc062723c751e8b465ee728b)
Start importing Assets/MoveMotionPack/Res/AnimationClip/Root motion/Basic_Run_03_Root.anim using Guid(d4b1162dc3c68dc4c898605c25137bc3) Importer(815301076,1909f56bfc062723c751e8b465ee728b)  -> (artifact id: '82c59a2003ed3e4da2cbf2ad0ba2b478') in 0.016316 seconds
  Import took 0.018227 seconds .

========================================================================
Received Import Request.
  Time since last request: 0.005442 seconds.
  path: Assets/MoveMotionPack/Res/AnimationClip/Root motion/Basic_Run_03_Root.anim
  artifactKey: Guid(d4b1162dc3c68dc4c898605c25137bc3) Importer(815301076,1909f56bfc062723c751e8b465ee728b)
Start importing Assets/MoveMotionPack/Res/AnimationClip/Root motion/Basic_Run_03_Root.anim using Guid(d4b1162dc3c68dc4c898605c25137bc3) Importer(815301076,1909f56bfc062723c751e8b465ee728b)  -> (artifact id: '82c59a2003ed3e4da2cbf2ad0ba2b478') in 0.014874 seconds
  Import took 0.017130 seconds .

========================================================================
Received Import Request.
  Time since last request: 1.660387 seconds.
  path: Assets/MoveMotionPack/Res/AnimationClip/Root motion/Basic_Walk_01_Root.anim
  artifactKey: Guid(c0349c2586a92184384d6ce7b3b6d4c5) Importer(815301076,1909f56bfc062723c751e8b465ee728b)
Start importing Assets/MoveMotionPack/Res/AnimationClip/Root motion/Basic_Walk_01_Root.anim using Guid(c0349c2586a92184384d6ce7b3b6d4c5) Importer(815301076,1909f56bfc062723c751e8b465ee728b)  -> (artifact id: '96a2479d1097a2d4cda85e43eb2bc2c5') in 0.016119 seconds
  Import took 0.017864 seconds .

========================================================================
Received Import Request.
  Time since last request: 0.784080 seconds.
  path: Assets/MoveMotionPack/Res/AnimationClip/Root motion/Basic_Walk_02_Root.anim
  artifactKey: Guid(253fd07e80009a947a13c5df68009454) Importer(815301076,1909f56bfc062723c751e8b465ee728b)
Start importing Assets/MoveMotionPack/Res/AnimationClip/Root motion/Basic_Walk_02_Root.anim using Guid(253fd07e80009a947a13c5df68009454) Importer(815301076,1909f56bfc062723c751e8b465ee728b)  -> (artifact id: '0788aea8c9ecef863ddc98fe8d8ffed9') in 0.016288 seconds
  Import took 0.018119 seconds .

========================================================================
Received Import Request.
  Time since last request: 1.523946 seconds.
  path: Assets/MoveMotionPack/Res/AnimationClip/Root motion/Etc_Walk_Zombi_01.anim
  artifactKey: Guid(bc57ba76fdb860d40aa9b36e192fe0e0) Importer(815301076,1909f56bfc062723c751e8b465ee728b)
Start importing Assets/MoveMotionPack/Res/AnimationClip/Root motion/Etc_Walk_Zombi_01.anim using Guid(bc57ba76fdb860d40aa9b36e192fe0e0) Importer(815301076,1909f56bfc062723c751e8b465ee728b)  -> (artifact id: '52682940853b430497ed64806f38c813') in 0.012276 seconds
  Import took 0.014268 seconds .

========================================================================
Received Import Request.
  Time since last request: 9.925543 seconds.
  path: Assets/MoveMotionPack/SampleScene/Animator Controller/Controller.controller
  artifactKey: Guid(b791f8ee6039c5846b642793dc7723cb) Importer(815301076,1909f56bfc062723c751e8b465ee728b)
Start importing Assets/MoveMotionPack/SampleScene/Animator Controller/Controller.controller using Guid(b791f8ee6039c5846b642793dc7723cb) Importer(815301076,1909f56bfc062723c751e8b465ee728b)  -> (artifact id: '333eda06ed35f9a11b890558c4e43296') in 0.101581 seconds
  Import took 0.104026 seconds .

========================================================================
Received Import Request.
  Time since last request: 133.605950 seconds.
  path: Assets/MoveMotionPack/Res/AnimationFBX/Free_Walk/Basic_Run_01.FBX
  artifactKey: Guid(a45573fdc100af3498260b45d9313ee9) Importer(815301076,1909f56bfc062723c751e8b465ee728b)
Start importing Assets/MoveMotionPack/Res/AnimationFBX/Free_Walk/Basic_Run_01.FBX using Guid(a45573fdc100af3498260b45d9313ee9) Importer(815301076,1909f56bfc062723c751e8b465ee728b)  -> (artifact id: '02bb12955930c7e092df71dac27b01f0') in 0.078373 seconds
  Import took 0.081246 seconds .

========================================================================
Received Import Request.
  Time since last request: 0.000267 seconds.
  path: Assets/MoveMotionPack/Res/AnimationFBX/Free_Walk/Basic_Walk_02.FBX
  artifactKey: Guid(442c71736cb4ba2409047ee6221b26c8) Importer(815301076,1909f56bfc062723c751e8b465ee728b)
Start importing Assets/MoveMotionPack/Res/AnimationFBX/Free_Walk/Basic_Walk_02.FBX using Guid(442c71736cb4ba2409047ee6221b26c8) Importer(815301076,1909f56bfc062723c751e8b465ee728b)  -> (artifact id: 'a77cd451a735c27f8337a84882f91fa5') in 0.063311 seconds
  Import took 0.065259 seconds .

========================================================================
Received Import Request.
  Time since last request: 0.000269 seconds.
  path: Assets/MoveMotionPack/Res/AnimationFBX/Free_Walk/Basic_Run_02.FBX
  artifactKey: Guid(56996aee89ca8cf428a965ea3f1bca8b) Importer(815301076,1909f56bfc062723c751e8b465ee728b)
Start importing Assets/MoveMotionPack/Res/AnimationFBX/Free_Walk/Basic_Run_02.FBX using Guid(56996aee89ca8cf428a965ea3f1bca8b) Importer(815301076,1909f56bfc062723c751e8b465ee728b)  -> (artifact id: '1f4fab221c9d70a2df546a6c06184e68') in 0.055102 seconds
  Import took 0.311881 seconds .

========================================================================
Received Import Request.
  Time since last request: 0.000284 seconds.
  path: Assets/MoveMotionPack/Res/AnimationFBX/Free_Walk/Basic_Walk_01.FBX
  artifactKey: Guid(b4634156a3fa1b24ca91e55e549174c0) Importer(815301076,1909f56bfc062723c751e8b465ee728b)
Start importing Assets/MoveMotionPack/Res/AnimationFBX/Free_Walk/Basic_Walk_01.FBX using Guid(b4634156a3fa1b24ca91e55e549174c0) Importer(815301076,1909f56bfc062723c751e8b465ee728b)  -> (artifact id: 'be1a22ba0d484fb27f3a040a32f82772') in 0.062740 seconds
  Import took 0.064739 seconds .

========================================================================
Received Import Request.
  Time since last request: 0.000239 seconds.
  path: Assets/MoveMotionPack/Res/AnimationFBX/Free_Walk/Etc_Walk_Zombi_01.FBX
  artifactKey: Guid(b58097dd5357865408b7d6edb1ccc75f) Importer(815301076,1909f56bfc062723c751e8b465ee728b)
Start importing Assets/MoveMotionPack/Res/AnimationFBX/Free_Walk/Etc_Walk_Zombi_01.FBX using Guid(b58097dd5357865408b7d6edb1ccc75f) Importer(815301076,1909f56bfc062723c751e8b465ee728b)  -> (artifact id: 'ea436cf692979e3f8f0908b594306b77') in 0.059770 seconds
  Import took 0.061735 seconds .

========================================================================
Received Import Request.
  Time since last request: 0.000229 seconds.
  path: Assets/MoveMotionPack/Res/AnimationFBX/Free_Walk/Basic_Run_03.FBX
  artifactKey: Guid(e4a00a4129fdc404faf634c619700370) Importer(815301076,1909f56bfc062723c751e8b465ee728b)
Start importing Assets/MoveMotionPack/Res/AnimationFBX/Free_Walk/Basic_Run_03.FBX using Guid(e4a00a4129fdc404faf634c619700370) Importer(815301076,1909f56bfc062723c751e8b465ee728b)  -> (artifact id: '3c5d109efe07068bad6d5f9958250441') in 0.056154 seconds
  Import took 0.058255 seconds .

========================================================================
Received Import Request.
  Time since last request: 0.000937 seconds.
  path: Assets/MoveMotionPack/Res/AnimationFBX/Free_Walk/Basic_Run_03.FBX
  artifactKey: Guid(e4a00a4129fdc404faf634c619700370) Importer(815301076,1909f56bfc062723c751e8b465ee728b)
Start importing Assets/MoveMotionPack/Res/AnimationFBX/Free_Walk/Basic_Run_03.FBX using Guid(e4a00a4129fdc404faf634c619700370) Importer(815301076,1909f56bfc062723c751e8b465ee728b)  -> (artifact id: '3c5d109efe07068bad6d5f9958250441') in 0.056018 seconds
  Import took 0.058203 seconds .

========================================================================
Received Import Request.
  Time since last request: 24.104805 seconds.
  path: Assets/MoveMotionPack/Res/AnimationFBX/Root/Basic_Run_01_Root.FBX
  artifactKey: Guid(6c78c4668708c614582208eb3b20b95f) Importer(815301076,1909f56bfc062723c751e8b465ee728b)
Start importing Assets/MoveMotionPack/Res/AnimationFBX/Root/Basic_Run_01_Root.FBX using Guid(6c78c4668708c614582208eb3b20b95f) Importer(815301076,1909f56bfc062723c751e8b465ee728b)  -> (artifact id: 'b492d17ff5b1cd9633cf5ed109a8590e') in 0.080612 seconds
  Import took 0.082810 seconds .

========================================================================
Received Import Request.
  Time since last request: 0.000276 seconds.
  path: Assets/MoveMotionPack/Res/AnimationFBX/Root/Etc_Walk_Zombi_01.FBX
  artifactKey: Guid(297644808deb33f4ba506a5260d03669) Importer(815301076,1909f56bfc062723c751e8b465ee728b)
Start importing Assets/MoveMotionPack/Res/AnimationFBX/Root/Etc_Walk_Zombi_01.FBX using Guid(297644808deb33f4ba506a5260d03669) Importer(815301076,1909f56bfc062723c751e8b465ee728b)  -> (artifact id: '7b743eea7b319ed411af1445f3973298') in 0.067793 seconds
  Import took 0.069644 seconds .

========================================================================
Received Import Request.
  Time since last request: 0.000250 seconds.
  path: Assets/MoveMotionPack/Res/AnimationFBX/Root/Basic_Walk_01_Root.FBX
  artifactKey: Guid(a7208574c6526554cb480466d1643ba8) Importer(815301076,1909f56bfc062723c751e8b465ee728b)
Start importing Assets/MoveMotionPack/Res/AnimationFBX/Root/Basic_Walk_01_Root.FBX using Guid(a7208574c6526554cb480466d1643ba8) Importer(815301076,1909f56bfc062723c751e8b465ee728b)  -> (artifact id: '7bb92e7701a14f6bff32eec88b00d3cc') in 0.057714 seconds
  Import took 0.059629 seconds .

========================================================================
Received Import Request.
  Time since last request: 0.000268 seconds.
  path: Assets/MoveMotionPack/Res/AnimationFBX/Root/Basic_Run_03_Root.FBX
  artifactKey: Guid(9258809db1928d94d8adbc8a1115b6fa) Importer(815301076,1909f56bfc062723c751e8b465ee728b)
Start importing Assets/MoveMotionPack/Res/AnimationFBX/Root/Basic_Run_03_Root.FBX using Guid(9258809db1928d94d8adbc8a1115b6fa) Importer(815301076,1909f56bfc062723c751e8b465ee728b)  -> (artifact id: 'a67855f64397d764b371445c020bd85e') in 0.058056 seconds
  Import took 0.059985 seconds .

========================================================================
Received Import Request.
  Time since last request: 0.000236 seconds.
  path: Assets/MoveMotionPack/Res/AnimationFBX/Root/Basic_Walk_02_Root.FBX
  artifactKey: Guid(d185372ec3d3f5d478086ab7413a68d9) Importer(815301076,1909f56bfc062723c751e8b465ee728b)
Start importing Assets/MoveMotionPack/Res/AnimationFBX/Root/Basic_Walk_02_Root.FBX using Guid(d185372ec3d3f5d478086ab7413a68d9) Importer(815301076,1909f56bfc062723c751e8b465ee728b)  -> (artifact id: 'e7fe6dc7434fdc4ab5e5fd6a18c4ac4b') in 0.061477 seconds
  Import took 0.063637 seconds .

========================================================================
Received Import Request.
  Time since last request: 0.000216 seconds.
  path: Assets/MoveMotionPack/Res/AnimationFBX/Root/Basic_Run_02_Root.FBX
  artifactKey: Guid(9529e9bfe7648ef40a7ca3ac43a58f4a) Importer(815301076,1909f56bfc062723c751e8b465ee728b)
Start importing Assets/MoveMotionPack/Res/AnimationFBX/Root/Basic_Run_02_Root.FBX using Guid(9529e9bfe7648ef40a7ca3ac43a58f4a) Importer(815301076,1909f56bfc062723c751e8b465ee728b)  -> (artifact id: '6b86745ac4161f94c24c8f12c023e45b') in 0.059128 seconds
  Import took 0.061284 seconds .

========================================================================
Received Import Request.
  Time since last request: 0.003458 seconds.
  path: Assets/MoveMotionPack/Res/AnimationFBX/Root/Basic_Run_02_Root.FBX
  artifactKey: Guid(9529e9bfe7648ef40a7ca3ac43a58f4a) Importer(815301076,1909f56bfc062723c751e8b465ee728b)
Start importing Assets/MoveMotionPack/Res/AnimationFBX/Root/Basic_Run_02_Root.FBX using Guid(9529e9bfe7648ef40a7ca3ac43a58f4a) Importer(815301076,1909f56bfc062723c751e8b465ee728b)  -> (artifact id: '6b86745ac4161f94c24c8f12c023e45b') in 0.058776 seconds
  Import took 0.060905 seconds .

========================================================================
Received Import Request.
  Time since last request: 73.414004 seconds.
  path: Assets/StylizedHandPaintedDungeon(Free)/Demo/Demo_Scene/Demo_Scene/LightingData.asset
  artifactKey: Guid(a39fe0fef3aa42e40867a60c55b728bc) Importer(815301076,1909f56bfc062723c751e8b465ee728b)
Start importing Assets/StylizedHandPaintedDungeon(Free)/Demo/Demo_Scene/Demo_Scene/LightingData.asset using Guid(a39fe0fef3aa42e40867a60c55b728bc) Importer(815301076,1909f56bfc062723c751e8b465ee728b)  -> (artifact id: 'a803db8311687eaea73bcdfadba80aaa') in 0.035124 seconds
  Import took 0.037162 seconds .

========================================================================
Received Import Request.
  Time since last request: 0.000273 seconds.
  path: Assets/StylizedHandPaintedDungeon(Free)/Demo/Demo_Scene/Demo_Scene/Lightmap-0_comp_light.exr
  artifactKey: Guid(9ce2a53ec0650564cb41c97217705c32) Importer(815301076,1909f56bfc062723c751e8b465ee728b)
Start importing Assets/StylizedHandPaintedDungeon(Free)/Demo/Demo_Scene/Demo_Scene/Lightmap-0_comp_light.exr using Guid(9ce2a53ec0650564cb41c97217705c32) Importer(815301076,1909f56bfc062723c751e8b465ee728b)  -> (artifact id: 'aab940a63a04c2304a1f27f6ff98545c') in 0.042487 seconds
  Import took 0.044085 seconds .

========================================================================
Received Import Request.
  Time since last request: 0.000296 seconds.
  path: Assets/StylizedHandPaintedDungeon(Free)/Demo/Demo_Scene/Demo_Scene/Lightmap-0_comp_dir.png
  artifactKey: Guid(d3aa747dc98f5bb49b3d381f5d6ad16c) Importer(815301076,1909f56bfc062723c751e8b465ee728b)
Start importing Assets/StylizedHandPaintedDungeon(Free)/Demo/Demo_Scene/Demo_Scene/Lightmap-0_comp_dir.png using Guid(d3aa747dc98f5bb49b3d381f5d6ad16c) Importer(815301076,1909f56bfc062723c751e8b465ee728b)  -> (artifact id: 'a95c3cb13a1ece41af27de65daaa0f34') in 0.039985 seconds
  Import took 0.041585 seconds .

========================================================================
Received Import Request.
  Time since last request: 1.903713 seconds.
  path: Assets/StylizedHandPaintedDungeon(Free)/Materials/Dungeon_02_Emission.mat
  artifactKey: Guid(92c555274a1012546a0bf05943f5dfd1) Importer(815301076,1909f56bfc062723c751e8b465ee728b)
Start importing Assets/StylizedHandPaintedDungeon(Free)/Materials/Dungeon_02_Emission.mat using Guid(92c555274a1012546a0bf05943f5dfd1) Importer(815301076,1909f56bfc062723c751e8b465ee728b)  -> (artifact id: '4f6492c98cc0af5c55f4a6f048ca8a16') in 0.018237 seconds
  Import took 0.020237 seconds .

========================================================================
Received Import Request.
  Time since last request: 0.000269 seconds.
  path: Assets/StylizedHandPaintedDungeon(Free)/Materials/Dungeon_Mat_02.mat
  artifactKey: Guid(2e701f9d6b8aa304c93f2af59c1ee5d9) Importer(815301076,1909f56bfc062723c751e8b465ee728b)
Start importing Assets/StylizedHandPaintedDungeon(Free)/Materials/Dungeon_Mat_02.mat using Guid(2e701f9d6b8aa304c93f2af59c1ee5d9) Importer(815301076,1909f56bfc062723c751e8b465ee728b)  -> (artifact id: '1fd537c663ae53600bc4970be150c3d5') in 0.022153 seconds
  Import took 0.024224 seconds .

========================================================================
Received Import Request.
  Time since last request: 0.000441 seconds.
  path: Assets/StylizedHandPaintedDungeon(Free)/Materials/Dungeon_Mat_01.mat
  artifactKey: Guid(770d874acb2e37f4dbb0943d5ef8a660) Importer(815301076,1909f56bfc062723c751e8b465ee728b)
Start importing Assets/StylizedHandPaintedDungeon(Free)/Materials/Dungeon_Mat_01.mat using Guid(770d874acb2e37f4dbb0943d5ef8a660) Importer(815301076,1909f56bfc062723c751e8b465ee728b)  -> (artifact id: '76cbc927ad30bf0cf8db30ea61b2a076') in 0.029439 seconds
  Import took 0.031305 seconds .

========================================================================
Received Import Request.
  Time since last request: 0.003550 seconds.
  path: Assets/StylizedHandPaintedDungeon(Free)/Materials/Dungeon_Mat_01.mat
  artifactKey: Guid(770d874acb2e37f4dbb0943d5ef8a660) Importer(815301076,1909f56bfc062723c751e8b465ee728b)
Start importing Assets/StylizedHandPaintedDungeon(Free)/Materials/Dungeon_Mat_01.mat using Guid(770d874acb2e37f4dbb0943d5ef8a660) Importer(815301076,1909f56bfc062723c751e8b465ee728b)  -> (artifact id: '76cbc927ad30bf0cf8db30ea61b2a076') in 0.021606 seconds
  Import took 0.023408 seconds .

========================================================================
Received Import Request.
  Time since last request: 1.952243 seconds.
  path: Assets/StylizedHandPaintedDungeon(Free)/Originals/Door.fbx
  artifactKey: Guid(1fed90e8722c1334d9b51e0b56f26e4e) Importer(815301076,1909f56bfc062723c751e8b465ee728b)
Start importing Assets/StylizedHandPaintedDungeon(Free)/Originals/Door.fbx using Guid(1fed90e8722c1334d9b51e0b56f26e4e) Importer(815301076,1909f56bfc062723c751e8b465ee728b)  -> (artifact id: '1f8b77ab33b3ffb122f6d2001e59e5b9') in 0.020887 seconds
  Import took 0.022873 seconds .

========================================================================
Received Import Request.
  Time since last request: 0.000253 seconds.
  path: Assets/StylizedHandPaintedDungeon(Free)/Originals/Lamp_02.fbx
  artifactKey: Guid(495bc5d65ef7c7a47b914d4dd69f0edf) Importer(815301076,1909f56bfc062723c751e8b465ee728b)
Start importing Assets/StylizedHandPaintedDungeon(Free)/Originals/Lamp_02.fbx using Guid(495bc5d65ef7c7a47b914d4dd69f0edf) Importer(815301076,1909f56bfc062723c751e8b465ee728b)  -> (artifact id: 'dffa83d54503d43a8914d94879ec130b') in 0.026587 seconds
  Import took 0.028596 seconds .

========================================================================
Received Import Request.
  Time since last request: 0.000261 seconds.
  path: Assets/StylizedHandPaintedDungeon(Free)/Originals/Pillar.fbx
  artifactKey: Guid(b520dd2e830b53248a9a07d2d9f3f3dd) Importer(815301076,1909f56bfc062723c751e8b465ee728b)
Start importing Assets/StylizedHandPaintedDungeon(Free)/Originals/Pillar.fbx using Guid(b520dd2e830b53248a9a07d2d9f3f3dd) Importer(815301076,1909f56bfc062723c751e8b465ee728b)  -> (artifact id: 'f1a845f53c8d2b2ffe0e2b7d02da862c') in 0.038035 seconds
  Import took 0.039673 seconds .

========================================================================
Received Import Request.
  Time since last request: 0.000264 seconds.
  path: Assets/StylizedHandPaintedDungeon(Free)/Originals/Floor.fbx
  artifactKey: Guid(b31c62c35ced11c4383176ecffe930c9) Importer(815301076,1909f56bfc062723c751e8b465ee728b)
Start importing Assets/StylizedHandPaintedDungeon(Free)/Originals/Floor.fbx using Guid(b31c62c35ced11c4383176ecffe930c9) Importer(815301076,1909f56bfc062723c751e8b465ee728b)  -> (artifact id: '6dcbf3ab6e85cc757f0c04566864b94d') in 0.023790 seconds
  Import took 0.025375 seconds .

========================================================================
Received Import Request.
  Time since last request: 0.000262 seconds.
  path: Assets/StylizedHandPaintedDungeon(Free)/Originals/Wall.fbx
  artifactKey: Guid(9c33f225c6ee98243a57390a7235bd50) Importer(815301076,1909f56bfc062723c751e8b465ee728b)
Start importing Assets/StylizedHandPaintedDungeon(Free)/Originals/Wall.fbx using Guid(9c33f225c6ee98243a57390a7235bd50) Importer(815301076,1909f56bfc062723c751e8b465ee728b)  -> (artifact id: '4828a33e309c5757e7523685104f4693') in 0.026698 seconds
  Import took 0.028248 seconds .

========================================================================
Received Import Request.
  Time since last request: 0.000273 seconds.
  path: Assets/StylizedHandPaintedDungeon(Free)/Originals/Floor.fbx
  artifactKey: Guid(b31c62c35ced11c4383176ecffe930c9) Importer(815301076,1909f56bfc062723c751e8b465ee728b)
Start importing Assets/StylizedHandPaintedDungeon(Free)/Originals/Floor.fbx using Guid(b31c62c35ced11c4383176ecffe930c9) Importer(815301076,1909f56bfc062723c751e8b465ee728b)  -> (artifact id: '6dcbf3ab6e85cc757f0c04566864b94d') in 0.017356 seconds
  Import took 0.018993 seconds .

========================================================================
Received Import Request.
  Time since last request: 0.000267 seconds.
  path: Assets/StylizedHandPaintedDungeon(Free)/Originals/Wall_Entrance.fbx
  artifactKey: Guid(ce8cc834ba277844da67143cfc370fa8) Importer(815301076,1909f56bfc062723c751e8b465ee728b)
Start importing Assets/StylizedHandPaintedDungeon(Free)/Originals/Wall_Entrance.fbx using Guid(ce8cc834ba277844da67143cfc370fa8) Importer(815301076,1909f56bfc062723c751e8b465ee728b)  -> (artifact id: 'aeb5965f1e987db0039f12e66c17c98e') in 0.023860 seconds
  Import took 0.025487 seconds .

========================================================================
Received Import Request.
  Time since last request: 0.000212 seconds.
  path: Assets/StylizedHandPaintedDungeon(Free)/Originals/Lamp_01.fbx
  artifactKey: Guid(80f5a41c215b19a4096e40d8852a7562) Importer(815301076,1909f56bfc062723c751e8b465ee728b)
Start importing Assets/StylizedHandPaintedDungeon(Free)/Originals/Lamp_01.fbx using Guid(80f5a41c215b19a4096e40d8852a7562) Importer(815301076,1909f56bfc062723c751e8b465ee728b)  -> (artifact id: '39082597f83c300ff82023046bdfe64c') in 0.017766 seconds
  Import took 0.019559 seconds .

========================================================================
Received Import Request.
  Time since last request: 1.679644 seconds.
  path: Assets/StylizedHandPaintedDungeon(Free)/Prefabs/Door.prefab
  artifactKey: Guid(9175d08a6bdddeb48afa15d1b714d918) Importer(815301076,1909f56bfc062723c751e8b465ee728b)
Start importing Assets/StylizedHandPaintedDungeon(Free)/Prefabs/Door.prefab using Guid(9175d08a6bdddeb48afa15d1b714d918) Importer(815301076,1909f56bfc062723c751e8b465ee728b)  -> (artifact id: '883ec28487b526417e6d86d0e20c3064') in 0.014465 seconds
  Import took 0.016226 seconds .

========================================================================
Received Import Request.
  Time since last request: 0.000255 seconds.
  path: Assets/StylizedHandPaintedDungeon(Free)/Prefabs/Lamp_01.prefab
  artifactKey: Guid(7c3ceb5b9a32b7a4a8d42d30223f3c9b) Importer(815301076,1909f56bfc062723c751e8b465ee728b)
Start importing Assets/StylizedHandPaintedDungeon(Free)/Prefabs/Lamp_01.prefab using Guid(7c3ceb5b9a32b7a4a8d42d30223f3c9b) Importer(815301076,1909f56bfc062723c751e8b465ee728b)  -> (artifact id: '8398e1a5455af04657d7a5489bd976dc') in 0.020626 seconds
  Import took 0.022386 seconds .

========================================================================
Received Import Request.
  Time since last request: 0.000241 seconds.
  path: Assets/StylizedHandPaintedDungeon(Free)/Prefabs/Lamp_02.prefab
  artifactKey: Guid(7970c12d6b19a504fbc82353b8a43abe) Importer(815301076,1909f56bfc062723c751e8b465ee728b)
Start importing Assets/StylizedHandPaintedDungeon(Free)/Prefabs/Lamp_02.prefab using Guid(7970c12d6b19a504fbc82353b8a43abe) Importer(815301076,1909f56bfc062723c751e8b465ee728b)  -> (artifact id: '745441965f788522425aeee9857df774') in 0.016033 seconds
  Import took 0.017940 seconds .

========================================================================
Received Import Request.
  Time since last request: 0.000407 seconds.
  path: Assets/StylizedHandPaintedDungeon(Free)/Prefabs/Pillar.prefab
  artifactKey: Guid(7c7baabdbc078cb4098d5880fc72c0f3) Importer(815301076,1909f56bfc062723c751e8b465ee728b)
Start importing Assets/StylizedHandPaintedDungeon(Free)/Prefabs/Pillar.prefab using Guid(7c7baabdbc078cb4098d5880fc72c0f3) Importer(815301076,1909f56bfc062723c751e8b465ee728b)  -> (artifact id: '12c14eb4a6ca3696dd951d36b1153806') in 0.016358 seconds
  Import took 0.018598 seconds .

========================================================================
Received Import Request.
  Time since last request: 0.000251 seconds.
  path: Assets/StylizedHandPaintedDungeon(Free)/Prefabs/Floor.prefab
  artifactKey: Guid(e348e7143b6247b488737e4be26fb038) Importer(815301076,1909f56bfc062723c751e8b465ee728b)
Start importing Assets/StylizedHandPaintedDungeon(Free)/Prefabs/Floor.prefab using Guid(e348e7143b6247b488737e4be26fb038) Importer(815301076,1909f56bfc062723c751e8b465ee728b)  -> (artifact id: '78b00db2f4a088987f6a8f3c048fef36') in 0.015368 seconds
  Import took 0.017603 seconds .

========================================================================
Received Import Request.
  Time since last request: 0.000237 seconds.
  path: Assets/StylizedHandPaintedDungeon(Free)/Prefabs/Wall.prefab
  artifactKey: Guid(3ad7a1cffb2556547a8b7e60fd320431) Importer(815301076,1909f56bfc062723c751e8b465ee728b)
Start importing Assets/StylizedHandPaintedDungeon(Free)/Prefabs/Wall.prefab using Guid(3ad7a1cffb2556547a8b7e60fd320431) Importer(815301076,1909f56bfc062723c751e8b465ee728b)  -> (artifact id: '2cdb9af32b5f45e426b8dbcf37b44187') in 0.015513 seconds
  Import took 0.017459 seconds .

========================================================================
Received Import Request.
  Time since last request: 0.000299 seconds.
  path: Assets/StylizedHandPaintedDungeon(Free)/Prefabs/Wall_Entrance.prefab
  artifactKey: Guid(49a5f24a081cbbc44bd23d76c2869723) Importer(815301076,1909f56bfc062723c751e8b465ee728b)
Start importing Assets/StylizedHandPaintedDungeon(Free)/Prefabs/Wall_Entrance.prefab using Guid(49a5f24a081cbbc44bd23d76c2869723) Importer(815301076,1909f56bfc062723c751e8b465ee728b)  -> (artifact id: '32f70580e7f4ee24f5a4826c5d015557') in 0.023065 seconds
  Import took 0.024740 seconds .

========================================================================
Received Import Request.
  Time since last request: 0.002120 seconds.
  path: Assets/StylizedHandPaintedDungeon(Free)/Prefabs/Wall_Entrance.prefab
  artifactKey: Guid(49a5f24a081cbbc44bd23d76c2869723) Importer(815301076,1909f56bfc062723c751e8b465ee728b)
Start importing Assets/StylizedHandPaintedDungeon(Free)/Prefabs/Wall_Entrance.prefab using Guid(49a5f24a081cbbc44bd23d76c2869723) Importer(815301076,1909f56bfc062723c751e8b465ee728b)  -> (artifact id: '32f70580e7f4ee24f5a4826c5d015557') in 0.015304 seconds
  Import took 0.017475 seconds .

========================================================================
Received Import Request.
  Time since last request: 3.296264 seconds.
  path: Assets/StylizedHandPaintedDungeon(Free)/Textures/Dungeon_01_Diffuse.tga
  artifactKey: Guid(580463794dc1de446a571eb88be93bff) Importer(815301076,1909f56bfc062723c751e8b465ee728b)
Start importing Assets/StylizedHandPaintedDungeon(Free)/Textures/Dungeon_01_Diffuse.tga using Guid(580463794dc1de446a571eb88be93bff) Importer(815301076,1909f56bfc062723c751e8b465ee728b)  -> (artifact id: '7e9b571e8065ef49d1e041b02aa951d0') in 0.014972 seconds
  Import took 0.016999 seconds .

========================================================================
Received Import Request.
  Time since last request: 0.000262 seconds.
  path: Assets/StylizedHandPaintedDungeon(Free)/Textures/Dungeon_02_Diffuse.tga
  artifactKey: Guid(2ad5769c41feb7749a077e020ed56acb) Importer(815301076,1909f56bfc062723c751e8b465ee728b)
Start importing Assets/StylizedHandPaintedDungeon(Free)/Textures/Dungeon_02_Diffuse.tga using Guid(2ad5769c41feb7749a077e020ed56acb) Importer(815301076,1909f56bfc062723c751e8b465ee728b)  -> (artifact id: 'ddd4fd2ea3fecb319e2f6befa990654a') in 0.016085 seconds
  Import took 0.018188 seconds .

========================================================================
Received Import Request.
  Time since last request: 0.000288 seconds.
  path: Assets/StylizedHandPaintedDungeon(Free)/Textures/Dungeon_02_Emission.tga
  artifactKey: Guid(1084372875829164882c05b7f7f0714f) Importer(815301076,1909f56bfc062723c751e8b465ee728b)
Start importing Assets/StylizedHandPaintedDungeon(Free)/Textures/Dungeon_02_Emission.tga using Guid(1084372875829164882c05b7f7f0714f) Importer(815301076,1909f56bfc062723c751e8b465ee728b)  -> (artifact id: 'a56aff2f4e44df1e248a72b2cf160175') in 0.013092 seconds
  Import took 0.014791 seconds .

========================================================================
Received Import Request.
  Time since last request: 3035.953474 seconds.
  path: Assets/Scripts/PlayeMmovement.cs
  artifactKey: Guid(ce0c78a56a0a8c143b3f615b93e00d27) Importer(815301076,1909f56bfc062723c751e8b465ee728b)
Start importing Assets/Scripts/PlayeMmovement.cs using Guid(ce0c78a56a0a8c143b3f615b93e00d27) Importer(815301076,1909f56bfc062723c751e8b465ee728b)  -> (artifact id: '97b3f0ba46793ddd5739a0c46248b3f9') in 0.016749 seconds
  Import took 0.020732 seconds .

========================================================================
Received Prepare
Registering precompiled user dll's ...
Registered in 0.000411 seconds.
Begin MonoManager ReloadAssembly
Native extension for WindowsStandalone target not found
Native extension for WebGL target not found
Refreshing native plugins compatible for Editor in 0.19 ms, found 0 plugins.
Preloading 0 native plugins for Editor in 0.00 ms.
Invoked RoslynAnalysisRunner static constructor.
RoslynAnalysisRunner will not be running.
RoslynAnalysisRunner has terminated.
Mono: successfully reloaded assembly
- Completed reload, in  0.706 seconds
Platform modules already initialized, skipping
Refreshing native plugins compatible for Editor in 0.24 ms, found 0 plugins.
Preloading 0 native plugins for Editor in 0.00 ms.
Unloading 1100 Unused Serialized files (Serialized files now loaded: 0)
System memory in use before: 77.6 MB.
System memory in use after: 77.7 MB.

Unloading 6 unused Assets to reduce memory usage. Loaded Objects now: 1605.
Total: 2.239900 ms (FindLiveObjects: 0.145200 ms CreateObjectMapping: 0.042200 ms MarkObjects: 1.963500 ms  DeleteObjects: 0.087400 ms)

========================================================================
Received Prepare
Registering precompiled user dll's ...
Registered in 0.000349 seconds.
Begin MonoManager ReloadAssembly
Native extension for WindowsStandalone target not found
Native extension for WebGL target not found
Refreshing native plugins compatible for Editor in 0.19 ms, found 0 plugins.
Preloading 0 native plugins for Editor in 0.00 ms.
Invoked RoslynAnalysisRunner static constructor.
RoslynAnalysisRunner will not be running.
RoslynAnalysisRunner has terminated.
Mono: successfully reloaded assembly
- Completed reload, in  0.656 seconds
Platform modules already initialized, skipping
Refreshing native plugins compatible for Editor in 0.19 ms, found 0 plugins.
Preloading 0 native plugins for Editor in 0.00 ms.
Unloading 1100 Unused Serialized files (Serialized files now loaded: 0)
System memory in use before: 77.6 MB.
System memory in use after: 77.7 MB.

Unloading 5 unused Assets to reduce memory usage. Loaded Objects now: 1607.
Total: 1.755600 ms (FindLiveObjects: 0.144100 ms CreateObjectMapping: 0.032200 ms MarkObjects: 1.506500 ms  DeleteObjects: 0.071200 ms)

========================================================================
Received Import Request.
  Time since last request: 948.646059 seconds.
  path: Assets/Scripts/PlayeMmovement.cs
  artifactKey: Guid(ce0c78a56a0a8c143b3f615b93e00d27) Importer(815301076,1909f56bfc062723c751e8b465ee728b)
Start importing Assets/Scripts/PlayeMmovement.cs using Guid(ce0c78a56a0a8c143b3f615b93e00d27) Importer(815301076,1909f56bfc062723c751e8b465ee728b)  -> (artifact id: '04f1022d22bd95e3aee07a348a1d4cb6') in 0.007182 seconds
  Import took 0.009167 seconds .

========================================================================
Received Prepare
Registering precompiled user dll's ...
Registered in 0.000414 seconds.
Begin MonoManager ReloadAssembly
Native extension for WindowsStandalone target not found
Native extension for WebGL target not found
Refreshing native plugins compatible for Editor in 0.18 ms, found 0 plugins.
Preloading 0 native plugins for Editor in 0.00 ms.
Invoked RoslynAnalysisRunner static constructor.
RoslynAnalysisRunner will not be running.
RoslynAnalysisRunner has terminated.
Mono: successfully reloaded assembly
- Completed reload, in  0.661 seconds
Platform modules already initialized, skipping
Refreshing native plugins compatible for Editor in 0.31 ms, found 0 plugins.
Preloading 0 native plugins for Editor in 0.00 ms.
Unloading 1100 Unused Serialized files (Serialized files now loaded: 0)
System memory in use before: 77.6 MB.
System memory in use after: 77.7 MB.

Unloading 5 unused Assets to reduce memory usage. Loaded Objects now: 1609.
Total: 1.463500 ms (FindLiveObjects: 0.186700 ms CreateObjectMapping: 0.052700 ms MarkObjects: 1.177600 ms  DeleteObjects: 0.045400 ms)

========================================================================
Received Prepare
Registering precompiled user dll's ...
Registered in 0.000398 seconds.
Begin MonoManager ReloadAssembly
Native extension for WindowsStandalone target not found
Native extension for WebGL target not found
Refreshing native plugins compatible for Editor in 0.38 ms, found 0 plugins.
Preloading 0 native plugins for Editor in 0.00 ms.
Invoked RoslynAnalysisRunner static constructor.
RoslynAnalysisRunner will not be running.
RoslynAnalysisRunner has terminated.
Mono: successfully reloaded assembly
- Completed reload, in  0.644 seconds
Platform modules already initialized, skipping
Refreshing native plugins compatible for Editor in 0.29 ms, found 0 plugins.
Preloading 0 native plugins for Editor in 0.00 ms.
Unloading 1100 Unused Serialized files (Serialized files now loaded: 0)
System memory in use before: 77.7 MB.
System memory in use after: 77.7 MB.

Unloading 5 unused Assets to reduce memory usage. Loaded Objects now: 1611.
Total: 1.498800 ms (FindLiveObjects: 0.118600 ms CreateObjectMapping: 0.037600 ms MarkObjects: 1.292600 ms  DeleteObjects: 0.048700 ms)

========================================================================
Received Prepare
Registering precompiled user dll's ...
Registered in 0.000355 seconds.
Begin MonoManager ReloadAssembly
Native extension for WindowsStandalone target not found
Native extension for WebGL target not found
Refreshing native plugins compatible for Editor in 0.19 ms, found 0 plugins.
Preloading 0 native plugins for Editor in 0.00 ms.
Invoked RoslynAnalysisRunner static constructor.
RoslynAnalysisRunner will not be running.
RoslynAnalysisRunner has terminated.
Mono: successfully reloaded assembly
- Completed reload, in  0.631 seconds
Platform modules already initialized, skipping
Refreshing native plugins compatible for Editor in 0.21 ms, found 0 plugins.
Preloading 0 native plugins for Editor in 0.00 ms.
Unloading 1100 Unused Serialized files (Serialized files now loaded: 0)
System memory in use before: 77.7 MB.
System memory in use after: 77.7 MB.

Unloading 5 unused Assets to reduce memory usage. Loaded Objects now: 1613.
Total: 1.615900 ms (FindLiveObjects: 0.184800 ms CreateObjectMapping: 0.048000 ms MarkObjects: 1.334800 ms  DeleteObjects: 0.047100 ms)

========================================================================
Received Prepare
Registering precompiled user dll's ...
Registered in 0.000441 seconds.
Begin MonoManager ReloadAssembly
Native extension for WindowsStandalone target not found
Native extension for WebGL target not found
Refreshing native plugins compatible for Editor in 0.19 ms, found 0 plugins.
Preloading 0 native plugins for Editor in 0.00 ms.
Invoked RoslynAnalysisRunner static constructor.
RoslynAnalysisRunner will not be running.
RoslynAnalysisRunner has terminated.
Mono: successfully reloaded assembly
- Completed reload, in  0.655 seconds
Platform modules already initialized, skipping
Refreshing native plugins compatible for Editor in 0.30 ms, found 0 plugins.
Preloading 0 native plugins for Editor in 0.00 ms.
Unloading 1100 Unused Serialized files (Serialized files now loaded: 0)
System memory in use before: 77.7 MB.
System memory in use after: 77.8 MB.

Unloading 5 unused Assets to reduce memory usage. Loaded Objects now: 1615.
Total: 1.749100 ms (FindLiveObjects: 0.172600 ms CreateObjectMapping: 0.045200 ms MarkObjects: 1.482000 ms  DeleteObjects: 0.048400 ms)

========================================================================
Received Prepare
Registering precompiled user dll's ...
Registered in 0.000672 seconds.
Begin MonoManager ReloadAssembly
Native extension for WindowsStandalone target not found
Native extension for WebGL target not found
Refreshing native plugins compatible for Editor in 0.19 ms, found 0 plugins.
Preloading 0 native plugins for Editor in 0.00 ms.
Invoked RoslynAnalysisRunner static constructor.
RoslynAnalysisRunner will not be running.
RoslynAnalysisRunner has terminated.
Mono: successfully reloaded assembly
- Completed reload, in  0.637 seconds
Platform modules already initialized, skipping
Refreshing native plugins compatible for Editor in 0.32 ms, found 0 plugins.
Preloading 0 native plugins for Editor in 0.00 ms.
Unloading 1100 Unused Serialized files (Serialized files now loaded: 0)
System memory in use before: 77.7 MB.
System memory in use after: 77.8 MB.

Unloading 5 unused Assets to reduce memory usage. Loaded Objects now: 1617.
Total: 1.973800 ms (FindLiveObjects: 0.189800 ms CreateObjectMapping: 0.058700 ms MarkObjects: 1.661900 ms  DeleteObjects: 0.061700 ms)

========================================================================
Received Prepare
Registering precompiled user dll's ...
Registered in 0.000482 seconds.
Begin MonoManager ReloadAssembly
Native extension for WindowsStandalone target not found
Native extension for WebGL target not found
Refreshing native plugins compatible for Editor in 0.19 ms, found 0 plugins.
Preloading 0 native plugins for Editor in 0.00 ms.
Invoked RoslynAnalysisRunner static constructor.
RoslynAnalysisRunner will not be running.
RoslynAnalysisRunner has terminated.
Mono: successfully reloaded assembly
- Completed reload, in  0.642 seconds
Platform modules already initialized, skipping
Refreshing native plugins compatible for Editor in 0.30 ms, found 0 plugins.
Preloading 0 native plugins for Editor in 0.00 ms.
Unloading 1100 Unused Serialized files (Serialized files now loaded: 0)
System memory in use before: 77.7 MB.
System memory in use after: 77.8 MB.

Unloading 5 unused Assets to reduce memory usage. Loaded Objects now: 1619.
Total: 1.559500 ms (FindLiveObjects: 0.129100 ms CreateObjectMapping: 0.033500 ms MarkObjects: 1.349600 ms  DeleteObjects: 0.046500 ms)

========================================================================
Received Prepare
Registering precompiled user dll's ...
Registered in 0.000345 seconds.
Begin MonoManager ReloadAssembly
Native extension for WindowsStandalone target not found
Native extension for WebGL target not found
Refreshing native plugins compatible for Editor in 0.21 ms, found 0 plugins.
Preloading 0 native plugins for Editor in 0.00 ms.
Invoked RoslynAnalysisRunner static constructor.
RoslynAnalysisRunner will not be running.
RoslynAnalysisRunner has terminated.
Mono: successfully reloaded assembly
- Completed reload, in  0.653 seconds
Platform modules already initialized, skipping
Refreshing native plugins compatible for Editor in 0.34 ms, found 0 plugins.
Preloading 0 native plugins for Editor in 0.00 ms.
Unloading 1100 Unused Serialized files (Serialized files now loaded: 0)
System memory in use before: 77.7 MB.
System memory in use after: 77.8 MB.

Unloading 5 unused Assets to reduce memory usage. Loaded Objects now: 1621.
Total: 2.203700 ms (FindLiveObjects: 0.128100 ms CreateObjectMapping: 0.036800 ms MarkObjects: 1.940000 ms  DeleteObjects: 0.097500 ms)

========================================================================
Received Prepare
Registering precompiled user dll's ...
Registered in 0.000697 seconds.
Begin MonoManager ReloadAssembly
Native extension for WindowsStandalone target not found
Native extension for WebGL target not found
Refreshing native plugins compatible for Editor in 0.19 ms, found 0 plugins.
Preloading 0 native plugins for Editor in 0.00 ms.
Invoked RoslynAnalysisRunner static constructor.
RoslynAnalysisRunner will not be running.
RoslynAnalysisRunner has terminated.
Mono: successfully reloaded assembly
- Completed reload, in  0.646 seconds
Platform modules already initialized, skipping
Refreshing native plugins compatible for Editor in 0.21 ms, found 0 plugins.
Preloading 0 native plugins for Editor in 0.00 ms.
Unloading 1100 Unused Serialized files (Serialized files now loaded: 0)
System memory in use before: 77.7 MB.
System memory in use after: 77.8 MB.

Unloading 5 unused Assets to reduce memory usage. Loaded Objects now: 1623.
Total: 1.437200 ms (FindLiveObjects: 0.122000 ms CreateObjectMapping: 0.035200 ms MarkObjects: 1.227800 ms  DeleteObjects: 0.051300 ms)

========================================================================
Received Import Request.
  Time since last request: 1843.612238 seconds.
  path: Assets/Prefabs/TeddyBear.prefab
  artifactKey: Guid(2896d08773d264140a6253c4fe64801d) Importer(815301076,1909f56bfc062723c751e8b465ee728b)
Start importing Assets/Prefabs/TeddyBear.prefab using Guid(2896d08773d264140a6253c4fe64801d) Importer(815301076,1909f56bfc062723c751e8b465ee728b)  -> (artifact id: 'e2e74c12aeee53184467b2eae51ba318') in 0.247710 seconds
  Import took 0.269060 seconds .

========================================================================
Received Prepare
Registering precompiled user dll's ...
Registered in 0.001489 seconds.
Begin MonoManager ReloadAssembly
Native extension for WindowsStandalone target not found
Native extension for WebGL target not found
Refreshing native plugins compatible for Editor in 0.24 ms, found 0 plugins.
Preloading 0 native plugins for Editor in 0.00 ms.
Invoked RoslynAnalysisRunner static constructor.
RoslynAnalysisRunner will not be running.
RoslynAnalysisRunner has terminated.
Mono: successfully reloaded assembly
- Completed reload, in  0.681 seconds
Platform modules already initialized, skipping
Refreshing native plugins compatible for Editor in 0.32 ms, found 0 plugins.
Preloading 0 native plugins for Editor in 0.00 ms.
Unloading 1100 Unused Serialized files (Serialized files now loaded: 0)
System memory in use before: 77.7 MB.
System memory in use after: 77.8 MB.

Unloading 5 unused Assets to reduce memory usage. Loaded Objects now: 1626.
Total: 1.743800 ms (FindLiveObjects: 0.212000 ms CreateObjectMapping: 0.063000 ms MarkObjects: 1.410200 ms  DeleteObjects: 0.057200 ms)

========================================================================
Received Prepare
Registering precompiled user dll's ...
Registered in 0.000427 seconds.
Begin MonoManager ReloadAssembly
Native extension for WindowsStandalone target not found
Native extension for WebGL target not found
Refreshing native plugins compatible for Editor in 0.19 ms, found 0 plugins.
Preloading 0 native plugins for Editor in 0.00 ms.
Invoked RoslynAnalysisRunner static constructor.
RoslynAnalysisRunner will not be running.
RoslynAnalysisRunner has terminated.
Mono: successfully reloaded assembly
- Completed reload, in  0.639 seconds
Platform modules already initialized, skipping
Refreshing native plugins compatible for Editor in 0.25 ms, found 0 plugins.
Preloading 0 native plugins for Editor in 0.00 ms.
Unloading 1100 Unused Serialized files (Serialized files now loaded: 0)
System memory in use before: 77.7 MB.
System memory in use after: 77.8 MB.

Unloading 5 unused Assets to reduce memory usage. Loaded Objects now: 1628.
Total: 2.117100 ms (FindLiveObjects: 0.187400 ms CreateObjectMapping: 0.054800 ms MarkObjects: 1.805200 ms  DeleteObjects: 0.068000 ms)

========================================================================
Received Prepare
Registering precompiled user dll's ...
Registered in 0.000351 seconds.
Begin MonoManager ReloadAssembly
Native extension for WindowsStandalone target not found
Native extension for WebGL target not found
Refreshing native plugins compatible for Editor in 0.19 ms, found 0 plugins.
Preloading 0 native plugins for Editor in 0.00 ms.
Invoked RoslynAnalysisRunner static constructor.
RoslynAnalysisRunner will not be running.
RoslynAnalysisRunner has terminated.
Mono: successfully reloaded assembly
- Completed reload, in  0.629 seconds
Platform modules already initialized, skipping
Refreshing native plugins compatible for Editor in 0.29 ms, found 0 plugins.
Preloading 0 native plugins for Editor in 0.00 ms.
Unloading 1100 Unused Serialized files (Serialized files now loaded: 0)
System memory in use before: 77.7 MB.
System memory in use after: 77.8 MB.

Unloading 5 unused Assets to reduce memory usage. Loaded Objects now: 1630.
Total: 1.728300 ms (FindLiveObjects: 0.142900 ms CreateObjectMapping: 0.033900 ms MarkObjects: 1.501100 ms  DeleteObjects: 0.049300 ms)

========================================================================
Received Prepare
Registering precompiled user dll's ...
Registered in 0.000372 seconds.
Begin MonoManager ReloadAssembly
Native extension for WindowsStandalone target not found
Native extension for WebGL target not found
Refreshing native plugins compatible for Editor in 0.20 ms, found 0 plugins.
Preloading 0 native plugins for Editor in 0.00 ms.
Invoked RoslynAnalysisRunner static constructor.
RoslynAnalysisRunner will not be running.
RoslynAnalysisRunner has terminated.
Mono: successfully reloaded assembly
- Completed reload, in  0.630 seconds
Platform modules already initialized, skipping
Refreshing native plugins compatible for Editor in 0.23 ms, found 0 plugins.
Preloading 0 native plugins for Editor in 0.00 ms.
Unloading 1100 Unused Serialized files (Serialized files now loaded: 0)
System memory in use before: 77.7 MB.
System memory in use after: 77.8 MB.

Unloading 5 unused Assets to reduce memory usage. Loaded Objects now: 1632.
Total: 1.766400 ms (FindLiveObjects: 0.126900 ms CreateObjectMapping: 0.032000 ms MarkObjects: 1.553600 ms  DeleteObjects: 0.052800 ms)

========================================================================
Received Prepare
Registering precompiled user dll's ...
Registered in 0.000369 seconds.
Begin MonoManager ReloadAssembly
Native extension for WindowsStandalone target not found
Native extension for WebGL target not found
Refreshing native plugins compatible for Editor in 0.20 ms, found 0 plugins.
Preloading 0 native plugins for Editor in 0.00 ms.
Invoked RoslynAnalysisRunner static constructor.
RoslynAnalysisRunner will not be running.
RoslynAnalysisRunner has terminated.
Mono: successfully reloaded assembly
- Completed reload, in  0.653 seconds
Platform modules already initialized, skipping
Refreshing native plugins compatible for Editor in 0.39 ms, found 0 plugins.
Preloading 0 native plugins for Editor in 0.00 ms.
Unloading 1100 Unused Serialized files (Serialized files now loaded: 0)
System memory in use before: 77.8 MB.
System memory in use after: 77.8 MB.

Unloading 5 unused Assets to reduce memory usage. Loaded Objects now: 1634.
Total: 1.637500 ms (FindLiveObjects: 0.133700 ms CreateObjectMapping: 0.033700 ms MarkObjects: 1.377400 ms  DeleteObjects: 0.091700 ms)

========================================================================
Received Prepare
Registering precompiled user dll's ...
Registered in 0.000353 seconds.
Begin MonoManager ReloadAssembly
Native extension for WindowsStandalone target not found
Native extension for WebGL target not found
Refreshing native plugins compatible for Editor in 0.19 ms, found 0 plugins.
Preloading 0 native plugins for Editor in 0.00 ms.
Invoked RoslynAnalysisRunner static constructor.
RoslynAnalysisRunner will not be running.
RoslynAnalysisRunner has terminated.
Mono: successfully reloaded assembly
- Completed reload, in  0.647 seconds
Platform modules already initialized, skipping
Refreshing native plugins compatible for Editor in 0.20 ms, found 0 plugins.
Preloading 0 native plugins for Editor in 0.00 ms.
Unloading 1100 Unused Serialized files (Serialized files now loaded: 0)
System memory in use before: 77.8 MB.
System memory in use after: 77.8 MB.

Unloading 5 unused Assets to reduce memory usage. Loaded Objects now: 1636.
Total: 1.496500 ms (FindLiveObjects: 0.132900 ms CreateObjectMapping: 0.030100 ms MarkObjects: 1.281900 ms  DeleteObjects: 0.050100 ms)

========================================================================
Received Prepare
Registering precompiled user dll's ...
Registered in 0.000419 seconds.
Begin MonoManager ReloadAssembly
Native extension for WindowsStandalone target not found
Native extension for WebGL target not found
Refreshing native plugins compatible for Editor in 0.20 ms, found 0 plugins.
Preloading 0 native plugins for Editor in 0.00 ms.
Invoked RoslynAnalysisRunner static constructor.
RoslynAnalysisRunner will not be running.
RoslynAnalysisRunner has terminated.
Mono: successfully reloaded assembly
- Completed reload, in  0.683 seconds
Platform modules already initialized, skipping
Refreshing native plugins compatible for Editor in 0.26 ms, found 0 plugins.
Preloading 0 native plugins for Editor in 0.00 ms.
Unloading 1100 Unused Serialized files (Serialized files now loaded: 0)
System memory in use before: 77.8 MB.
System memory in use after: 77.8 MB.

Unloading 5 unused Assets to reduce memory usage. Loaded Objects now: 1638.
Total: 1.983500 ms (FindLiveObjects: 0.195500 ms CreateObjectMapping: 0.062300 ms MarkObjects: 1.659400 ms  DeleteObjects: 0.065300 ms)

========================================================================
Received Prepare
Registering precompiled user dll's ...
Registered in 0.000387 seconds.
Begin MonoManager ReloadAssembly
Native extension for WindowsStandalone target not found
Native extension for WebGL target not found
Refreshing native plugins compatible for Editor in 0.19 ms, found 0 plugins.
Preloading 0 native plugins for Editor in 0.00 ms.
Invoked RoslynAnalysisRunner static constructor.
RoslynAnalysisRunner will not be running.
RoslynAnalysisRunner has terminated.
Mono: successfully reloaded assembly
- Completed reload, in  0.648 seconds
Platform modules already initialized, skipping
Refreshing native plugins compatible for Editor in 0.20 ms, found 0 plugins.
Preloading 0 native plugins for Editor in 0.00 ms.
Unloading 1100 Unused Serialized files (Serialized files now loaded: 0)
System memory in use before: 77.8 MB.
System memory in use after: 77.8 MB.

Unloading 5 unused Assets to reduce memory usage. Loaded Objects now: 1640.
Total: 1.504100 ms (FindLiveObjects: 0.142300 ms CreateObjectMapping: 0.033600 ms MarkObjects: 1.282500 ms  DeleteObjects: 0.044900 ms)

========================================================================
Received Prepare
Registering precompiled user dll's ...
Registered in 0.000361 seconds.
Begin MonoManager ReloadAssembly
Native extension for WindowsStandalone target not found
Native extension for WebGL target not found
Refreshing native plugins compatible for Editor in 0.19 ms, found 0 plugins.
Preloading 0 native plugins for Editor in 0.00 ms.
Invoked RoslynAnalysisRunner static constructor.
RoslynAnalysisRunner will not be running.
RoslynAnalysisRunner has terminated.
Mono: successfully reloaded assembly
- Completed reload, in  0.638 seconds
Platform modules already initialized, skipping
Refreshing native plugins compatible for Editor in 0.20 ms, found 0 plugins.
Preloading 0 native plugins for Editor in 0.00 ms.
Unloading 1100 Unused Serialized files (Serialized files now loaded: 0)
System memory in use before: 77.8 MB.
System memory in use after: 77.9 MB.

Unloading 5 unused Assets to reduce memory usage. Loaded Objects now: 1642.
Total: 1.887200 ms (FindLiveObjects: 0.165100 ms CreateObjectMapping: 0.040800 ms MarkObjects: 1.617100 ms  DeleteObjects: 0.062700 ms)

========================================================================
Received Prepare
Registering precompiled user dll's ...
Registered in 0.000393 seconds.
Begin MonoManager ReloadAssembly
Native extension for WindowsStandalone target not found
Native extension for WebGL target not found
Refreshing native plugins compatible for Editor in 0.19 ms, found 0 plugins.
Preloading 0 native plugins for Editor in 0.00 ms.
Invoked RoslynAnalysisRunner static constructor.
RoslynAnalysisRunner will not be running.
RoslynAnalysisRunner has terminated.
Mono: successfully reloaded assembly
- Completed reload, in  0.640 seconds
Platform modules already initialized, skipping
Refreshing native plugins compatible for Editor in 0.22 ms, found 0 plugins.
Preloading 0 native plugins for Editor in 0.00 ms.
Unloading 1100 Unused Serialized files (Serialized files now loaded: 0)
System memory in use before: 77.8 MB.
System memory in use after: 77.9 MB.

Unloading 5 unused Assets to reduce memory usage. Loaded Objects now: 1644.
Total: 2.347100 ms (FindLiveObjects: 0.290100 ms CreateObjectMapping: 0.136800 ms MarkObjects: 1.866900 ms  DeleteObjects: 0.052200 ms)

========================================================================
Received Prepare
Registering precompiled user dll's ...
Registered in 0.000338 seconds.
Begin MonoManager ReloadAssembly
Native extension for WindowsStandalone target not found
Native extension for WebGL target not found
Refreshing native plugins compatible for Editor in 0.19 ms, found 0 plugins.
Preloading 0 native plugins for Editor in 0.00 ms.
Invoked RoslynAnalysisRunner static constructor.
RoslynAnalysisRunner will not be running.
RoslynAnalysisRunner has terminated.
Mono: successfully reloaded assembly
- Completed reload, in  0.668 seconds
Platform modules already initialized, skipping
Refreshing native plugins compatible for Editor in 0.31 ms, found 0 plugins.
Preloading 0 native plugins for Editor in 0.00 ms.
Unloading 1100 Unused Serialized files (Serialized files now loaded: 0)
System memory in use before: 77.8 MB.
System memory in use after: 77.9 MB.

Unloading 5 unused Assets to reduce memory usage. Loaded Objects now: 1646.
Total: 2.266800 ms (FindLiveObjects: 0.217000 ms CreateObjectMapping: 0.064100 ms MarkObjects: 1.930400 ms  DeleteObjects: 0.054100 ms)

AssetImportWorkerClient::OnTransportError - code=2 error=End of file
